2025-03-24 14:31:43,576 - INFO - [31m[1mWARNING: This is a development server. Do not use it in a production deployment. Use a production WSGI server instead.[0m
 * Running on http://127.0.0.1:5000
2025-03-24 14:31:43,576 - INFO - [33mPress CTRL+C to quit[0m
2025-03-24 14:31:43,577 - INFO -  * Restarting with stat
2025-03-24 14:31:43,877 - WARNING -  * Debugger is active!
2025-03-24 14:31:43,880 - INFO -  * Debugger PIN: 117-914-638
2025-03-24 19:03:16,901 - INFO - [31m[1mWARNING: This is a development server. Do not use it in a production deployment. Use a production WSGI server instead.[0m
 * Running on http://127.0.0.1:5000
2025-03-24 19:03:16,901 - INFO - [33mPress CTRL+C to quit[0m
2025-03-24 19:03:16,903 - INFO -  * Restarting with stat
2025-03-24 19:03:17,255 - WARNING -  * Debugger is active!
2025-03-24 19:03:17,259 - INFO -  * Debugger PIN: 117-914-638
2025-03-24 19:26:47,978 - INFO - [31m[1mWARNING: This is a development server. Do not use it in a production deployment. Use a production WSGI server instead.[0m
 * Running on http://127.0.0.1:5000
2025-03-24 19:26:47,979 - INFO - [33mPress CTRL+C to quit[0m
2025-03-24 19:26:47,980 - INFO -  * Restarting with stat
2025-03-24 19:26:48,277 - WARNING -  * Debugger is active!
2025-03-24 19:26:48,280 - INFO -  * Debugger PIN: 117-914-638
2025-03-24 19:35:21,516 - INFO - [31m[1mWARNING: This is a development server. Do not use it in a production deployment. Use a production WSGI server instead.[0m
 * Running on http://127.0.0.1:5000
2025-03-24 19:35:21,516 - INFO - [33mPress CTRL+C to quit[0m
2025-03-24 19:35:21,517 - INFO -  * Restarting with stat
2025-03-24 19:35:21,983 - WARNING -  * Debugger is active!
2025-03-24 19:35:21,988 - INFO -  * Debugger PIN: 117-914-638
2025-03-24 19:36:34,424 - INFO - [31m[1mWARNING: This is a development server. Do not use it in a production deployment. Use a production WSGI server instead.[0m
 * Running on http://127.0.0.1:5000
2025-03-24 19:36:34,424 - INFO - [33mPress CTRL+C to quit[0m
2025-03-24 19:36:34,425 - INFO -  * Restarting with stat
2025-03-24 19:36:34,804 - WARNING -  * Debugger is active!
2025-03-24 19:36:34,807 - INFO -  * Debugger PIN: 117-914-638
